# hmmsearch :: search profile(s) against a sequence database
# HMMER 3.1b2 (February 2015); http://hmmer.org/
# Copyright (C) 2015 Howard Hughes Medical Institute.
# Freely distributed under the GNU General Public License (GPLv3).
# - - - - - - - - - - - - - - - - - - - - - - - - - - - - - - - - - - - -
# query HMM file:                  /home/luisva/CPR_pilin/fasta/giy-yig.pfam.hmm
# target sequence database:        /home/luisva/CPR_pilin/fasta/3.6k.fam00032.fa
# output directed to file:         /home/jwestrob/scripts/giy-yig.pfam_hmmsearch.out
# max ASCII text line length:      unlimited
# number of worker threads:        1
# - - - - - - - - - - - - - - - - - - - - - - - - - - - - - - - - - - - -

Query:       GIY-YIG  [M=78]
Accession:   PF01541.24
Description: GIY-YIG catalytic domain
Scores for complete sequences (score includes all domains):
   --- full sequence ---   --- best 1 domain ---    -#dom-
    E-value  score  bias    E-value  score  bias    exp  N  Sequence Description
    ------- ------ -----    ------- ------ -----   ---- --  -------- -----------

   [No hits detected that satisfy reporting thresholds]


Domain annotation for each sequence (and alignments):

   [No targets detected that satisfy reporting thresholds]


Internal pipeline statistics summary:
-------------------------------------
Query model(s):                              1  (78 nodes)
Target sequences:                         6525  (2401630 residues searched)
Passed MSV filter:                       105  (0.016092); expected 130.5 (0.02)
Passed bias filter:                       86  (0.0131801); expected 130.5 (0.02)
Passed Vit filter:                         1  (0.000153257); expected 6.5 (0.001)
Passed Fwd filter:                         0  (0); expected 0.1 (1e-05)
Initial search space (Z):               6525  [actual number of targets]
Domain search space  (domZ):               0  [number of targets reported over threshold]
# CPU time: 0.07u 0.00s 00:00:00.07 Elapsed: 00:00:00.28
# Mc/sec: 645.96
//
[ok]
